<?xml version="1.0" encoding="UTF-8"?>
<testng-results ignored="0" total="2" passed="2" failed="0" skipped="0">
  <reporter-output>
    <line>
      <![CDATA[logout from application]]>
    </line>
    <line>
      <![CDATA[tc pass username is successfully validated]]>
    </line>
    <line>
      <![CDATA[logout from application]]>
    </line>
  </reporter-output>
  <suite started-at="2022-12-16T20:25:00 GMT-08:00" name="Suite" finished-at="2022-12-16T20:25:56 GMT-08:00" duration-ms="55974">
    <groups>
    </groups>
    <test started-at="2022-12-16T20:25:00 GMT-08:00" name="Test" finished-at="2022-12-16T20:25:56 GMT-08:00" duration-ms="55974">
      <class name="testmaven.Neostoxtestscriptpropertyfile">
        <test-method is-config="true" signature="beforeClass()[pri:0, instance:testmaven.Neostoxtestscriptpropertyfile@7133da86]" started-at="2022-12-16T20:25:00 GMT-08:00" name="beforeClass" finished-at="2022-12-16T20:25:14 GMT-08:00" duration-ms="13807" status="PASS">
          <reporter-output>
          </reporter-output>
        </test-method> <!-- beforeClass -->
        <test-method is-config="true" signature="beforeMethod()[pri:0, instance:testmaven.Neostoxtestscriptpropertyfile@7133da86]" started-at="2022-12-16T20:25:14 GMT-08:00" name="beforeMethod" finished-at="2022-12-16T20:25:38 GMT-08:00" duration-ms="24107" status="PASS">
          <reporter-output>
          </reporter-output>
        </test-method> <!-- beforeMethod -->
        <test-method signature="validateavilablebalance()[pri:0, instance:testmaven.Neostoxtestscriptpropertyfile@7133da86]" started-at="2022-12-16T20:25:38 GMT-08:00" name="validateavilablebalance" finished-at="2022-12-16T20:25:38 GMT-08:00" duration-ms="93" status="PASS">
          <reporter-output>
          </reporter-output>
        </test-method> <!-- validateavilablebalance -->
        <test-method is-config="true" signature="afterMethod()[pri:0, instance:testmaven.Neostoxtestscriptpropertyfile@7133da86]" started-at="2022-12-16T20:25:38 GMT-08:00" name="afterMethod" finished-at="2022-12-16T20:25:39 GMT-08:00" duration-ms="353" status="PASS">
          <reporter-output>
            <line>
              <![CDATA[logout from application]]>
            </line>
          </reporter-output>
        </test-method> <!-- afterMethod -->
        <test-method is-config="true" signature="beforeMethod()[pri:0, instance:testmaven.Neostoxtestscriptpropertyfile@7133da86]" started-at="2022-12-16T20:25:39 GMT-08:00" name="beforeMethod" finished-at="2022-12-16T20:25:55 GMT-08:00" duration-ms="16515" status="PASS">
          <reporter-output>
          </reporter-output>
        </test-method> <!-- beforeMethod -->
        <test-method signature="validateusername()[pri:0, instance:testmaven.Neostoxtestscriptpropertyfile@7133da86]" started-at="2022-12-16T20:25:55 GMT-08:00" name="validateusername" finished-at="2022-12-16T20:25:56 GMT-08:00" duration-ms="762" status="PASS">
          <reporter-output>
            <line>
              <![CDATA[tc pass username is successfully validated]]>
            </line>
          </reporter-output>
        </test-method> <!-- validateusername -->
        <test-method is-config="true" signature="afterMethod()[pri:0, instance:testmaven.Neostoxtestscriptpropertyfile@7133da86]" started-at="2022-12-16T20:25:56 GMT-08:00" name="afterMethod" finished-at="2022-12-16T20:25:56 GMT-08:00" duration-ms="263" status="PASS">
          <reporter-output>
            <line>
              <![CDATA[logout from application]]>
            </line>
          </reporter-output>
        </test-method> <!-- afterMethod -->
        <test-method is-config="true" signature="afterClass()[pri:0, instance:testmaven.Neostoxtestscriptpropertyfile@7133da86]" started-at="2022-12-16T20:25:56 GMT-08:00" name="afterClass" finished-at="2022-12-16T20:25:56 GMT-08:00" duration-ms="0" status="PASS">
          <reporter-output>
          </reporter-output>
        </test-method> <!-- afterClass -->
      </class> <!-- testmaven.Neostoxtestscriptpropertyfile -->
    </test> <!-- Test -->
  </suite> <!-- Suite -->
</testng-results>
