<?xml version="1.0" encoding="UTF-8"?>
<testng-results ignored="0" total="2" passed="2" failed="0" skipped="0">
  <reporter-output>
    <line>
      <![CDATA[logout from application]]>
    </line>
    <line>
      <![CDATA[tc pass username is successfully validated]]>
    </line>
    <line>
      <![CDATA[logout from application]]>
    </line>
  </reporter-output>
  <suite started-at="2022-12-15T07:19:39 GMT-08:00" name="Suite" finished-at="2022-12-15T07:22:10 GMT-08:00" duration-ms="151407">
    <groups>
    </groups>
    <test started-at="2022-12-15T07:19:39 GMT-08:00" name="Test" finished-at="2022-12-15T07:22:10 GMT-08:00" duration-ms="151407">
      <class name="testmaven.Neostoxtestscriptpropertyfile">
        <test-method is-config="true" signature="beforeClass()[pri:0, instance:testmaven.Neostoxtestscriptpropertyfile@485966cc]" started-at="2022-12-15T07:19:39 GMT-08:00" name="beforeClass" finished-at="2022-12-15T07:20:29 GMT-08:00" duration-ms="49797" status="PASS">
          <reporter-output>
          </reporter-output>
        </test-method> <!-- beforeClass -->
        <test-method is-config="true" signature="beforeMethod()[pri:0, instance:testmaven.Neostoxtestscriptpropertyfile@485966cc]" started-at="2022-12-15T07:20:29 GMT-08:00" name="beforeMethod" finished-at="2022-12-15T07:21:45 GMT-08:00" duration-ms="76684" status="PASS">
          <reporter-output>
          </reporter-output>
        </test-method> <!-- beforeMethod -->
        <test-method signature="validateavilablebalance()[pri:0, instance:testmaven.Neostoxtestscriptpropertyfile@485966cc]" started-at="2022-12-15T07:21:45 GMT-08:00" name="validateavilablebalance" finished-at="2022-12-15T07:21:45 GMT-08:00" duration-ms="66" status="PASS">
          <reporter-output>
          </reporter-output>
        </test-method> <!-- validateavilablebalance -->
        <test-method is-config="true" signature="afterMethod()[pri:0, instance:testmaven.Neostoxtestscriptpropertyfile@485966cc]" started-at="2022-12-15T07:21:45 GMT-08:00" name="afterMethod" finished-at="2022-12-15T07:21:49 GMT-08:00" duration-ms="3774" status="PASS">
          <reporter-output>
            <line>
              <![CDATA[logout from application]]>
            </line>
          </reporter-output>
        </test-method> <!-- afterMethod -->
        <test-method is-config="true" signature="beforeMethod()[pri:0, instance:testmaven.Neostoxtestscriptpropertyfile@485966cc]" started-at="2022-12-15T07:21:49 GMT-08:00" name="beforeMethod" finished-at="2022-12-15T07:22:07 GMT-08:00" duration-ms="18057" status="PASS">
          <reporter-output>
          </reporter-output>
        </test-method> <!-- beforeMethod -->
        <test-method signature="validateusername()[pri:0, instance:testmaven.Neostoxtestscriptpropertyfile@485966cc]" started-at="2022-12-15T07:22:07 GMT-08:00" name="validateusername" finished-at="2022-12-15T07:22:10 GMT-08:00" duration-ms="2663" status="PASS">
          <reporter-output>
            <line>
              <![CDATA[tc pass username is successfully validated]]>
            </line>
          </reporter-output>
        </test-method> <!-- validateusername -->
        <test-method is-config="true" signature="afterMethod()[pri:0, instance:testmaven.Neostoxtestscriptpropertyfile@485966cc]" started-at="2022-12-15T07:22:10 GMT-08:00" name="afterMethod" finished-at="2022-12-15T07:22:10 GMT-08:00" duration-ms="286" status="PASS">
          <reporter-output>
            <line>
              <![CDATA[logout from application]]>
            </line>
          </reporter-output>
        </test-method> <!-- afterMethod -->
        <test-method is-config="true" signature="afterClass()[pri:0, instance:testmaven.Neostoxtestscriptpropertyfile@485966cc]" started-at="2022-12-15T07:22:10 GMT-08:00" name="afterClass" finished-at="2022-12-15T07:22:10 GMT-08:00" duration-ms="1" status="PASS">
          <reporter-output>
          </reporter-output>
        </test-method> <!-- afterClass -->
      </class> <!-- testmaven.Neostoxtestscriptpropertyfile -->
    </test> <!-- Test -->
  </suite> <!-- Suite -->
</testng-results>
